<?xml version="1.0" encoding="UTF-8"?>
<testsuite xmlns:xsi="http://www.w3.org/2001/XMLSchema-instance" xsi:noNamespaceSchemaLocation="https://maven.apache.org/surefire/maven-surefire-plugin/xsd/surefire-test-report-3.0.xsd" version="3.0" name="io.todolist.mapper.UserMapperTest" time="0.066" tests="2" errors="0" skipped="0" failures="0">
  <properties>
[...]
</properties>
  <testcase name="testToEntity" classname="io.todolist.mapper.UserMapperTest" time="0.017">
    <system-out><![CDATA[2025-10-28T16:25:58.210+01:00  INFO 13428 --- [           main] t.c.s.AnnotationConfigContextLoaderUtils : Could not detect default configuration classes for test class [io.todolist.mapper.UserMapperTest]: UserMapperTest does not declare any static, non-private, non-final, nested classes annotated with @Configuration.
2025-10-28T16:25:58.215+01:00  INFO 13428 --- [           main] .b.t.c.SpringBootTestContextBootstrapper : Found @SpringBootConfiguration io.todolist.TodoListApplication for test class io.todolist.mapper.UserMapperTest
]]></system-out>
  </testcase>
  <testcase name="testToDto" classname="io.todolist.mapper.UserMapperTest" time="0.02"/>
</testsuite>